00:17:13 - characteristics - Добавление характеристики не удалось
00:17:18 - characteristics - Добавление характеристики не удалось
00:17:38 - characteristics - Добавление характеристики не удалось
00:17:41 - characteristics - Добавление характеристики не удалось
00:18:45 - characteristics - Добавление характеристики не удалось
00:18:52 - characteristics - Добавление характеристики не удалось
00:21:24 - characteristics - Добавление характеристики не удалось
00:30:33 - cart - Товар Композиция Даниэла добавлен в корзину в количестве - 1 шт.
00:30:41 - cart - Товар Композиция Викторина добавлен в корзину в количестве - 1 шт.
00:32:11 - cart - Товар Композиция Даниэла добавлен в корзину в количестве - 1 шт.
00:32:21 - cart - Товар Композиция Викторина добавлен в корзину в количестве - 1 шт.
00:32:36 - cart - Товар Композиция Даниэла добавлен в корзину в количестве - 1 шт.
00:32:50 - cart - Товар Композиция Замфира добавлен в корзину в количестве - 1 шт.
00:35:51 - callback - Отправлено письмо на адрес - romashka@gmail.com от пользователя - test
00:36:01 - cart - Товар Композиция Даниэла добавлен в корзину в количестве - 1 шт.
00:36:58 - cart - Товар Композиция Даниэла добавлен в корзину в количестве - 1 шт.
00:37:32 - cart - Товар Композиция Даниэла добавлен в корзину в количестве - 1 шт.
00:37:51 - cart - Товар Композиция Даниэла добавлен в корзину в количестве - 1 шт.
00:38:33 - cart - Товар Композиция Даниэла добавлен в корзину в количестве - 1 шт.
00:38:43 - cart - Товар Композиция Даниэла добавлен в корзину в количестве - 1 шт.
00:38:54 - cart - Товар Композиция Даниэла добавлен в корзину в количестве - 1 шт.
10:07:40 - menu_module - не задан id пункта
10:09:38 - menu_module - не задан id пункта
10:09:50 - menu_module - не задан id пункта
10:10:04 - menu_module - не задан id пункта
10:10:15 - menu_module - не задан id пункта
10:11:43 - menu_module - не задан id пункта
10:12:13 - menu_module - не задан id пункта
10:13:18 - menu_module - не задан id пункта
10:13:33 - menu_module - не задан id пункта
